<?xml version="1.0" encoding="UTF-8"?>
<!-- Generated by org.testng.reporters.JUnitReportReporter -->
<testsuite hostname="DESKTOP-4II7HOP" failures="0" tests="1" name="Runnerclass.runnerClass" time="47.286" errors="0" timestamp="2023-03-31T15:53:08 IST" skipped="0">
  <testcase classname="Runnerclass.runnerClass" name="runScenario" time="47.286"/>
  <system-out/>
</testsuite> <!-- Runnerclass.runnerClass -->
